[2020-12-18T11:06:11.810Z] info Server running on port 4000
[2020-12-18T11:06:11.831Z] info Redis Connected
[2020-12-18T11:06:11.997Z] info Database Connected
[2020-12-18T11:06:46.038Z] info POST /auth 200 260 - 221.068 ms
[2020-12-18T11:08:00.930Z] info GET /users 401 76 - 1.545 ms
[2020-12-18T11:08:02.150Z] info GET /users 401 76 - 0.708 ms
[2020-12-18T11:08:02.995Z] info GET /users 401 76 - 0.862 ms
[2020-12-18T11:08:23.251Z] info GET /users 200 408 - 111.706 ms
[2020-12-18T11:08:44.132Z] info Server running on port 4000
[2020-12-18T11:08:44.151Z] info Redis Connected
[2020-12-18T11:08:44.284Z] info Database Connected
[2020-12-18T11:09:41.501Z] info GET /users   -  ms
[2020-12-18T11:09:47.041Z] info GET /users 401 144 - 5.286 ms
[2020-12-18T11:09:56.803Z] info POST /auth 200 260 - 199.574 ms
[2020-12-18T11:12:47.135Z] info Server running on port 4000
[2020-12-18T11:12:47.165Z] info Redis Connected
[2020-12-18T11:12:47.373Z] info Database Connected
[2020-12-18T11:12:54.153Z] info POST /auth 200 260 - 193.909 ms
[2020-12-18T11:13:07.734Z] info GET /users 401 74 - 4.950 ms
[2020-12-18T11:13:21.320Z] info Server running on port 4000
[2020-12-18T11:13:21.344Z] info Redis Connected
[2020-12-18T11:13:21.476Z] info Database Connected
[2020-12-18T11:13:55.812Z] info Server running on port 4000
[2020-12-18T11:13:55.832Z] info Redis Connected
[2020-12-18T11:13:55.967Z] info Database Connected
[2020-12-18T11:28:13.533Z] info POST /auth 200 260 - 217.992 ms
[2020-12-18T11:28:26.683Z] info GET /users 401 144 - 5.348 ms
[2020-12-18T11:28:31.825Z] info GET /users 200 483 - 173.014 ms
[2020-12-18T11:28:57.302Z] info POST /users 200 84 - 143.608 ms
[2020-12-18T11:30:07.398Z] info Server running on port 4000
[2020-12-18T11:30:07.418Z] info Redis Connected
[2020-12-18T11:30:07.567Z] info Database Connected
[2020-12-18T11:31:41.655Z] info Server running on port 4000
[2020-12-18T11:31:41.670Z] info Redis Connected
[2020-12-18T11:31:41.938Z] info Database Connected
[2020-12-18T11:31:55.567Z] info Server running on port 4000
[2020-12-18T11:31:55.585Z] info Redis Connected
[2020-12-18T11:31:55.710Z] info Database Connected
[2020-12-18T12:56:17.767Z] info Server running on port 4000
[2020-12-18T12:56:17.807Z] info Redis Connected
[2020-12-18T12:56:18.066Z] info Database Connected
[2020-12-18T12:57:10.467Z] info Server running on port 4000
[2020-12-18T12:57:10.484Z] info Redis Connected
[2020-12-18T12:57:10.624Z] info Database Connected
[2020-12-18T12:58:02.523Z] info Server running on port 4000
[2020-12-18T12:58:02.543Z] info Redis Connected
[2020-12-18T12:58:02.718Z] info Database Connected
[2020-12-18T12:58:47.419Z] info Server running on port 4000
[2020-12-18T12:58:47.440Z] info Redis Connected
[2020-12-18T12:58:47.602Z] info Database Connected
[2020-12-18T12:59:39.707Z] info Server running on port 4000
[2020-12-18T12:59:39.728Z] info Redis Connected
[2020-12-18T12:59:39.864Z] info Database Connected
[2020-12-18T13:01:32.897Z] info Server running on port 4000
[2020-12-18T13:01:32.921Z] info Redis Connected
[2020-12-18T13:01:33.099Z] info Database Connected
[2020-12-18T13:02:22.800Z] info Server running on port 4000
[2020-12-18T13:02:22.815Z] info Redis Connected
[2020-12-18T13:02:23.091Z] info Database Connected
[2020-12-18T13:03:40.358Z] info Server running on port 4000
[2020-12-18T13:03:40.376Z] info Redis Connected
[2020-12-18T13:03:40.512Z] info Database Connected
[2020-12-18T13:04:21.654Z] info Server running on port 4000
[2020-12-18T13:04:21.683Z] info Redis Connected
[2020-12-18T13:04:21.848Z] info Database Connected
[2020-12-18T13:05:05.371Z] info Server running on port 4000
[2020-12-18T13:05:05.394Z] info Redis Connected
[2020-12-18T13:05:05.585Z] info Database Connected
[2020-12-18T13:05:41.631Z] info Server running on port 4000
[2020-12-18T13:05:41.653Z] info Redis Connected
[2020-12-18T13:05:41.815Z] info Database Connected
[2020-12-19T01:47:49.936Z] info GET /users 401 144 - 12.556 ms
[2020-12-19T01:49:52.210Z] info Server running on port 4000
[2020-12-19T01:49:52.254Z] info Redis Connected
[2020-12-19T01:49:52.484Z] info Database Connected
[2020-12-19T01:51:16.632Z] info Server running on port 4000
[2020-12-19T01:51:16.648Z] info Redis Connected
[2020-12-19T01:51:16.962Z] info Database Connected
[2020-12-19T01:52:22.857Z] info Server running on port 4000
[2020-12-19T01:52:22.877Z] info Redis Connected
[2020-12-19T01:52:23.035Z] info Database Connected
[2020-12-19T01:53:17.039Z] info POST /users 201 181 - 217.539 ms
[2020-12-19T01:53:56.437Z] info POST /users 201 180 - 187.362 ms
[2020-12-19T01:54:32.151Z] info Server running on port 4000
[2020-12-19T01:54:32.175Z] info Redis Connected
[2020-12-19T01:54:32.331Z] info Database Connected
[2020-12-19T01:55:33.918Z] info Server running on port 4000
[2020-12-19T01:55:33.937Z] info Redis Connected
[2020-12-19T01:55:34.061Z] info Database Connected
[2020-12-19T01:55:53.194Z] info POST /auth 200 264 - 236.469 ms
[2020-12-19T01:56:11.622Z] info GET /users 200 725 - 122.231 ms
[2020-12-19T01:56:33.244Z] info POST /auth 200 263 - 157.852 ms
[2020-12-19T01:56:45.888Z] info GET /users 404 71 - 1.599 ms
[2020-12-19T01:59:01.583Z] info Server running on port 4000
[2020-12-19T01:59:01.609Z] info Redis Connected
[2020-12-19T01:59:01.741Z] info Database Connected
[2020-12-19T01:59:32.135Z] info Server running on port 4000
[2020-12-19T01:59:32.171Z] info Redis Connected
[2020-12-19T01:59:32.347Z] info Database Connected
[2020-12-19T02:00:27.376Z] info Server running on port 4000
[2020-12-19T02:00:27.391Z] info Redis Connected
[2020-12-19T02:00:27.707Z] info Database Connected
[2020-12-19T02:02:17.751Z] info Server running on port 4000
[2020-12-19T02:02:17.771Z] info Redis Connected
[2020-12-19T02:02:17.900Z] info Database Connected
[2020-12-19T02:02:50.032Z] info Server running on port 4000
[2020-12-19T02:02:50.052Z] info Redis Connected
[2020-12-19T02:02:50.233Z] info Database Connected
[2020-12-19T02:06:27.014Z] info Server running on port 4000
[2020-12-19T02:06:27.045Z] info Redis Connected
[2020-12-19T02:06:27.192Z] info Database Connected
[2020-12-19T02:06:46.720Z] info POST /auth 200 263 - 195.403 ms
[2020-12-19T02:09:22.952Z] info Server running on port 4000
[2020-12-19T02:09:22.968Z] info Redis Connected
[2020-12-19T02:09:23.132Z] info Database Connected
[2020-12-19T02:10:42.648Z] info GET /users 401 144 - 11.572 ms
[2020-12-19T02:11:05.870Z] info POST /auth 200 264 - 216.053 ms
[2020-12-19T02:11:21.925Z] info GET /users 200 725 - 299.085 ms
[2020-12-19T02:12:29.857Z] info POST /auth 200 263 - 176.512 ms
[2020-12-19T02:13:12.121Z] info PUT /users 201 175 - 184.538 ms
[2020-12-19T02:13:30.254Z] info POST /auth 200 263 - 158.621 ms
[2020-12-19T02:15:00.232Z] info Server running on port 4000
[2020-12-19T02:15:00.248Z] info Redis Connected
[2020-12-19T02:15:00.413Z] info Database Connected
[2020-12-19T02:17:05.669Z] info Server running on port 4000
[2020-12-19T02:17:05.686Z] info Redis Connected
[2020-12-19T02:17:05.853Z] info Database Connected
[2020-12-19T02:21:11.750Z] info GET /product 401 76 - 8.136 ms
[2020-12-19T02:22:44.556Z] info POST /auth 200 264 - 247.894 ms
[2020-12-19T02:23:03.498Z] info GET /product 200 3799 - 124.246 ms
[2020-12-19T02:24:17.631Z] info PUT /product 500 90 - 18.232 ms
[2020-12-19T02:24:27.766Z] info PUT /product 209 110 - 26.364 ms
[2020-12-19T02:25:12.573Z] info PUT /product 209 110 - 20.210 ms
[2020-12-19T02:26:10.973Z] info Server running on port 4000
[2020-12-19T02:26:10.990Z] info Redis Connected
[2020-12-19T02:26:11.174Z] info Database Connected
[2020-12-19T02:26:13.207Z] info PUT /product 401 144 - 11.000 ms
[2020-12-19T02:26:21.583Z] info POST /auth 200 264 - 246.931 ms
[2020-12-19T02:26:34.184Z] info PUT /product 209 110 - 40.399 ms
[2020-12-19T02:27:15.729Z] info POST /product 401 144 - 1.492 ms
[2020-12-19T02:27:21.562Z] info POST /auth 200 264 - 192.750 ms
[2020-12-19T02:27:37.402Z] info POST /product 209 110 - 9.934 ms
[2020-12-19T02:28:06.470Z] info Server running on port 4000
[2020-12-19T02:28:06.487Z] info Redis Connected
[2020-12-19T02:28:06.620Z] info Database Connected
[2020-12-19T02:28:21.927Z] info PUT /product 201 226 - 10427.049 ms
[2020-12-19T02:28:40.682Z] info GET /product 401 144 - 2.700 ms
[2020-12-19T02:28:44.997Z] info GET /product 200 3792 - 166.687 ms
[2020-12-19T02:29:03.264Z] info POST /product 201 228 - 4980.279 ms
[2020-12-19T02:29:11.819Z] info GET /product 200 3981 - 5.663 ms
[2020-12-19T02:29:31.674Z] info POST /auth 200 263 - 167.738 ms
[2020-12-19T02:29:43.748Z] info GET /product 404 71 - 1.066 ms
[2020-12-19T02:30:34.495Z] info POST /auth 200 263 - 153.981 ms
[2020-12-19T02:30:45.221Z] info GET /product 404 71 - 1.250 ms
[2020-12-19T02:31:35.409Z] info POST /auth 200 264 - 181.119 ms
[2020-12-19T02:31:45.632Z] info GET /product 200 3981 - 114.882 ms
[2020-12-19T02:33:19.975Z] info Server running on port 4000
[2020-12-19T02:33:19.998Z] info Redis Connected
[2020-12-19T02:33:20.177Z] info Database Connected
[2020-12-19T02:33:49.134Z] info GET /product 200 3981 - 178.753 ms
[2020-12-19T02:34:28.568Z] info Server running on port 4000
[2020-12-19T02:34:28.588Z] info Redis Connected
[2020-12-19T02:34:28.718Z] info Database Connected
[2020-12-19T02:34:50.237Z] info Server running on port 4000
[2020-12-19T02:34:50.256Z] info Redis Connected
[2020-12-19T02:34:50.399Z] info Database Connected
[2020-12-19T02:34:52.181Z] info GET /search 401 144 - 18.195 ms
[2020-12-19T02:35:05.134Z] info POST /auth 200 264 - 198.763 ms
[2020-12-19T02:35:16.511Z] info GET /search 200 1883 - 133.696 ms
[2020-12-19T02:36:43.436Z] info GET /search 200 1883 - 137.368 ms
[2020-12-19T02:38:28.035Z] info GET /search 401 144 - 10.218 ms
[2020-12-19T02:38:38.350Z] info POST /auth 200 263 - 163.682 ms
[2020-12-19T02:38:57.667Z] info GET /search 200 1883 - 148.389 ms
[2020-12-19T02:39:33.669Z] info Server running on port 4000
[2020-12-19T02:39:33.693Z] info Redis Connected
[2020-12-19T02:39:33.872Z] info Database Connected
[2020-12-19T02:40:56.326Z] info GET /search/ 401 76 - 8.161 ms
[2020-12-19T02:42:03.851Z] info GET /search 401 144 - 5.440 ms
[2020-12-19T02:42:08.122Z] info POST /auth 200 263 - 189.917 ms
[2020-12-19T02:42:43.790Z] info GET /search 200 1883 - 110.507 ms
[2020-12-19T02:42:49.878Z] info GET /search?nama=DESC 200 1883 - 3.953 ms
[2020-12-19T02:43:03.729Z] info GET /search/Cap 200 223 - 136.487 ms
[2020-12-19T02:43:12.482Z] info GET /search/?nama=DESC 200 1883 - 4.254 ms
[2020-12-19T02:43:49.424Z] info GET /product 401 144 - 1.235 ms
[2020-12-19T02:44:00.501Z] info POST /auth 200 264 - 192.911 ms
[2020-12-19T02:44:18.863Z] info GET /product 200 3981 - 131.596 ms
[2020-12-19T02:45:10.156Z] info DELETE /product/26 200 52 - 137.405 ms
[2020-12-19T02:45:14.746Z] info DELETE /product/27 200 52 - 2.580 ms
[2020-12-19T02:45:19.125Z] info DELETE /product/28 200 52 - 2.300 ms
[2020-12-19T02:45:22.514Z] info DELETE /product/29 200 52 - 2.441 ms
[2020-12-19T02:45:26.890Z] info DELETE /product/30 200 52 - 2.942 ms
[2020-12-19T02:45:30.638Z] info DELETE /product/31 200 52 - 2.727 ms
[2020-12-19T02:45:34.296Z] info DELETE /product/32 200 52 - 2.813 ms
[2020-12-19T02:45:38.285Z] info DELETE /product/33 200 52 - 3.199 ms
[2020-12-19T02:45:41.699Z] info DELETE /product/34 200 52 - 2.258 ms
[2020-12-19T02:45:44.970Z] info DELETE /product/35 200 52 - 2.662 ms
[2020-12-19T02:45:47.360Z] info DELETE /product/36 200 52 - 2.536 ms
[2020-12-19T02:45:49.120Z] info DELETE /product/37 200 52 - 2.759 ms
[2020-12-19T02:45:50.422Z] info DELETE /product/38 200 52 - 2.851 ms
[2020-12-19T02:45:51.988Z] info DELETE /product/39 200 52 - 2.314 ms
[2020-12-19T02:45:55.415Z] info GET /product 200 1879 - 25.650 ms
[2020-12-19T02:46:33.489Z] info POST /product 401 144 - 1.091 ms
[2020-12-19T02:46:37.228Z] info POST /auth 200 264 - 207.380 ms
[2020-12-19T02:46:55.880Z] info POST /product 201 229 - 4698.775 ms
[2020-12-19T02:47:19.693Z] info GET /search/ 200 2073 - 153.362 ms
[2020-12-19T02:47:27.245Z] info GET /search/?terbaru=DESC 200 2073 - 3.342 ms
[2020-12-19T02:52:11.826Z] info DELETE /users/2 401 76 - 0.645 ms
[2020-12-19T02:52:20.523Z] info POST /auth 200 264 - 184.832 ms
[2020-12-19T02:52:32.669Z] info DELETE /users/2 200 52 - 233.912 ms
[2020-12-19T02:52:37.294Z] info DELETE /users/3 200 52 - 2.117 ms
[2020-12-19T02:52:40.822Z] info DELETE /users/6 200 52 - 2.253 ms
[2020-12-19T02:52:47.720Z] info GET /users 401 144 - 0.802 ms
[2020-12-19T02:52:52.176Z] info GET /users 200 325 - 133.592 ms
[2020-12-19T02:53:14.040Z] info DELETE /users/6 200 52 - 135.893 ms
[2020-12-19T02:53:18.843Z] info DELETE /users/6 200 52 - 2.079 ms
[2020-12-19T02:55:37.040Z] info Server running on port 4000
[2020-12-19T02:55:37.066Z] info Redis Connected
[2020-12-19T02:55:37.320Z] info Database Connected
[2020-12-19T02:56:31.688Z] info POST /auth 200 264 - 294.153 ms
[2020-12-19T02:56:46.226Z] info GET /search/ 200 2073 - 140.813 ms
[2020-12-19T02:56:50.545Z] info GET /search/x 200 110 - 3.546 ms
[2020-12-19T02:57:05.444Z] info GET /search/ 200 2073 - 138.187 ms
[2020-12-19T02:58:21.813Z] info POST /auth 200 264 - 199.859 ms
[2020-12-19T02:58:36.502Z] error [object Object]
[2020-12-19T02:58:36.504Z] info POST /users 209 110 - 2.337 ms
[2020-12-19T02:59:37.113Z] info Server running on port 4000
[2020-12-19T02:59:37.136Z] info Redis Connected
[2020-12-19T02:59:37.327Z] info Database Connected
[2020-12-19T03:03:09.834Z] error Data tidak lengkap, silahkan isi kembali !
[2020-12-19T03:03:09.843Z] info POST /users 209 110 - 7.379 ms
[2020-12-19T03:06:26.252Z] info Server running on port 4000
[2020-12-19T03:06:26.277Z] info Redis Connected
[2020-12-19T03:06:26.463Z] info Database Connected
[2020-12-19T03:07:23.595Z] info Server running on port 4000
[2020-12-19T03:07:23.629Z] info Redis Connected
[2020-12-19T03:07:23.905Z] info Database Connected
[2020-12-19T03:07:25.330Z] info Server running on port 4000
[2020-12-19T03:07:25.352Z] info Redis Connected
[2020-12-19T03:07:25.484Z] info Database Connected
[2020-12-19T03:08:19.588Z] info Server running on port 4000
[2020-12-19T03:08:19.606Z] info Redis Connected
[2020-12-19T03:08:19.915Z] info Database Connected
[2020-12-19T03:08:29.856Z] info POST /auth 200 264 - 300.004 ms
[2020-12-19T03:09:01.636Z] error Email belum terdaftar
[2020-12-19T03:09:01.638Z] info POST /auth 200 76 - 150.981 ms
[2020-12-19T03:14:08.194Z] info GET /category 401 76 - 1.480 ms
[2020-12-19T03:14:15.289Z] info POST /auth 200 264 - 166.400 ms
[2020-12-19T03:14:26.353Z] info GET /category 200 99 - 132.940 ms
[2020-12-19T03:21:58.464Z] info Server running on port 4000
[2020-12-19T03:21:58.483Z] info Redis Connected
[2020-12-19T03:21:58.649Z] info Database Connected
[2020-12-19T03:23:08.447Z] info Server running on port 4000
[2020-12-19T03:23:08.464Z] info Redis Connected
[2020-12-19T03:23:08.720Z] info Database Connected
[2020-12-19T03:23:15.283Z] info POST /auth 200 264 - 180.372 ms
[2020-12-19T03:23:35.129Z] info GET /search/ 200 2073 - 274.402 ms
[2020-12-19T03:23:41.419Z] info GET /search/ 200 2073 - 14.764 ms
[2020-12-19T03:24:19.078Z] info Server running on port 4000
[2020-12-19T03:24:19.098Z] info Redis Connected
[2020-12-19T03:24:19.218Z] info Database Connected
[2020-12-19T03:24:29.453Z] info GET /search/ 200 2073 - 12.950 ms
[2020-12-19T03:24:35.840Z] info GET /search/ 200 2073 - 4.019 ms
[2020-12-19T03:24:47.680Z] info GET /search/?terbaru=DESC 200 2073 - 168.143 ms
[2020-12-19T03:24:54.427Z] info GET /search/?terbaru=DESC 200 2073 - 10.008 ms
[2020-12-19T03:25:05.342Z] info GET /search/?nama=DESC&terbaru=DESC 200 2073 - 67.078 ms
[2020-12-19T03:25:20.320Z] info GET /search/?nama=DESC&terbaru=DESC 200 2073 - 6.380 ms
[2020-12-19T03:29:19.671Z] info Server running on port 4000
[2020-12-19T03:29:19.686Z] info Redis Connected
[2020-12-19T03:29:19.950Z] info Database Connected
[2020-12-19T03:29:25.483Z] info GET /search/?nama=DESC&terbaru=DESC 401 144 - 10.236 ms
[2020-12-19T03:29:29.940Z] info POST /auth 200 264 - 219.350 ms
[2020-12-19T03:29:46.976Z] info GET /search/?nama=DESC&terbaru=DESC 200 2073 - 127.966 ms
[2020-12-19T03:30:07.802Z] info GET /search/?nama=DESC&terbaru=DESC 200 2073 - 128.536 ms
[2020-12-19T03:30:16.509Z] info GET /search/?nama=DESC&terbaru=DESC 200 2073 - 5.170 ms
[2020-12-19T03:32:12.455Z] info Server running on port 4000
[2020-12-19T03:32:12.475Z] info Redis Connected
[2020-12-19T03:32:12.671Z] info Database Connected
[2020-12-19T03:32:16.491Z] info GET /search/?nama=DESC&terbaru=DESC 200 2073 - 159.512 ms
[2020-12-19T03:32:21.405Z] info GET /search/?nama=DESC&terbaru=DESC 200 2073 - 37.459 ms
[2020-12-19T03:33:54.821Z] info Server running on port 4000
[2020-12-19T03:33:54.849Z] info Redis Connected
[2020-12-19T03:33:55.012Z] info Database Connected
[2020-12-19T03:33:58.448Z] info GET /search/?nama=DESC&terbaru=DESC 401 144 - 11.355 ms
[2020-12-19T03:34:02.919Z] info POST /auth 200 264 - 220.961 ms
[2020-12-19T03:34:18.923Z] info GET /search/?nama=DESC&terbaru=DESC 404 146 - 8.138 ms
[2020-12-19T03:34:19.135Z] error Cannot set headers after they are sent to the client
[2020-12-19T03:36:08.164Z] info Server running on port 4000
[2020-12-19T03:36:08.196Z] info Redis Connected
[2020-12-19T03:36:08.456Z] info Database Connected
[2020-12-19T03:37:47.955Z] info Server running on port 4000
[2020-12-19T03:37:47.977Z] info Redis Connected
[2020-12-19T03:37:48.203Z] info Database Connected
[2020-12-19T03:38:28.348Z] info Server running on port 4000
[2020-12-19T03:38:28.363Z] info Redis Connected
[2020-12-19T03:38:28.501Z] info Database Connected
[2020-12-19T03:40:07.729Z] info Server running on port 4000
[2020-12-19T03:40:07.752Z] info Redis Connected
[2020-12-19T03:40:07.907Z] info Database Connected
[2020-12-19T03:40:19.086Z] info POST /auth 200 264 - 213.644 ms
[2020-12-19T03:40:30.500Z] info GET /search/?nama=DESC&terbaru=DESC 200 2073 - 147.087 ms
[2020-12-19T03:40:44.456Z] info GET /search/?nama=DESC&terbaru=DESC 200 2073 - 2.999 ms
[2020-12-19T03:40:58.644Z] info GET /product 200 2073 - 7.940 ms
[2020-12-19T03:41:42.445Z] info Server running on port 4000
[2020-12-19T03:41:42.474Z] info Redis Connected
[2020-12-19T03:41:42.699Z] info Database Connected
[2020-12-19T03:42:14.993Z] info Server running on port 4000
[2020-12-19T03:42:15.009Z] info Redis Connected
[2020-12-19T03:42:15.140Z] info Database Connected
[2020-12-19T03:42:23.664Z] info GET /search/?nama=DESC&terbaru=DESC 200 2073 - 196.390 ms
[2020-12-19T03:42:36.499Z] info GET /search/?terbaru=DESC 200 2073 - 157.627 ms
[2020-12-19T03:42:39.872Z] info GET /search/ 200 2073 - 3.992 ms
[2020-12-19T03:42:44.018Z] info GET /search/?nama=DESC 200 2073 - 4.226 ms
[2020-12-19T03:42:51.962Z] info GET /search/Cap 200 223 - 2.944 ms
[2020-12-19T03:43:03.582Z] info GET /search/black 200 234 - 135.746 ms
[2020-12-19T08:23:40.426Z] info Server running on port 4000
[2020-12-19T08:23:40.458Z] info Redis Connected
[2020-12-19T08:23:40.685Z] info Database Connected
[2020-12-19T08:24:05.641Z] info GET /product 401 144 - 9.927 ms
[2020-12-19T08:24:10.335Z] info POST /auth 200 264 - 229.679 ms
[2020-12-19T08:24:23.167Z] info GET /product 200 2069 - 154.702 ms
[2020-12-19T08:26:36.514Z] info GET /product 200 2069 - 135.450 ms
[2020-12-19T08:26:42.588Z] info GET /product 200 2069 - 17.014 ms
[2020-12-19T11:39:32.019Z] info Server running on port 4000
[2020-12-19T11:39:32.059Z] info Redis Connected
[2020-12-19T11:39:32.272Z] info Database Connected
[2020-12-19T11:39:49.407Z] info POST /auth 200 264 - 226.072 ms
[2020-12-19T11:40:04.818Z] info GET /product 200 2069 - 196.785 ms
[2020-12-19T11:40:11.184Z] info GET /product 200 2069 - 2.584 ms
[2020-12-19T11:40:29.624Z] info GET /search/ 401 144 - 1.802 ms
[2020-12-19T11:40:34.587Z] info GET /search/ 200 2073 - 154.491 ms
[2020-12-19T11:40:49.163Z] info GET /search/?nama=DESC 200 2073 - 206.631 ms
[2020-12-19T23:18:24.794Z] info Server running on port 4000
[2020-12-19T23:18:24.811Z] info Redis Connected
[2020-12-19T23:18:24.961Z] info Database Connected
[2020-12-19T23:18:32.293Z] info GET /search/?nama=&kategori=&terbaru=&harga= 200 2073 - 264.958 ms
[2020-12-19T23:18:32.295Z] info GET /search/ 200 2073 - 264.024 ms
[2020-12-19T23:18:44.272Z] info GET /category 200 99 - 171.697 ms
[2020-12-19T23:18:44.280Z] info GET /product 200 2069 - 177.546 ms
[2020-12-19T23:18:51.835Z] info GET /search/?nama=&kategori=&terbaru=&harga= 304  - 8.839 ms
[2020-12-19T23:18:51.838Z] info GET /search/ 304  - 11.132 ms
[2020-12-19T23:18:56.824Z] info GET /history 200 941 - 9.575 ms
[2020-12-19T23:19:36.630Z] info GET /search/ 304  - 194.929 ms
[2020-12-19T23:19:36.634Z] info GET /search/?nama=&kategori=&terbaru=&harga= 304  - 200.850 ms
[2020-12-19T23:19:38.476Z] info GET /search/?nama=&kategori=&terbaru=&harga= 304  - 2.762 ms
[2020-12-19T23:19:39.384Z] info GET /search/?nama=ASC&kategori=&terbaru=&harga= 200 2073 - 3.732 ms
[2020-12-19T23:20:17.786Z] info GET /search/?nama=&kategori=&terbaru=&harga= 304  - 210.044 ms
[2020-12-19T23:20:17.791Z] info GET /search/ 304  - 212.740 ms
[2020-12-19T23:20:19.993Z] info GET /search/?nama=&kategori=&terbaru=&harga= 304  - 2.422 ms
[2020-12-19T23:20:21.613Z] info GET /search/?nama=ASC&kategori=&terbaru=&harga= 304  - 2.446 ms
[2020-12-19T23:20:23.426Z] info GET /search/?nama=ASC&kategori=&terbaru=&harga= 304  - 2.054 ms
[2020-12-19T23:20:24.105Z] info GET /search/?nama=DESC&kategori=&terbaru=&harga= 200 2073 - 4.453 ms
[2020-12-19T23:20:25.607Z] info GET /search/?nama=DESC&kategori=&terbaru=&harga= 304  - 1.986 ms
[2020-12-19T23:20:26.252Z] info GET /search/?nama=ASC&kategori=&terbaru=&harga= 304  - 2.734 ms
[2020-12-19T23:22:00.998Z] info GET /category 304  - 164.995 ms
[2020-12-19T23:22:01.005Z] info GET /product 304  - 170.458 ms
[2020-12-19T23:22:08.855Z] info OPTIONS /product/40 204 0 - 0.862 ms
[2020-12-19T23:22:08.875Z] info DELETE /product/40 200 52 - 15.756 ms
[2020-12-19T23:22:10.509Z] info GET /product 200 1879 - 2.958 ms
[2020-12-19T23:22:22.911Z] info GET /search/?nama=&kategori=&terbaru=&harga= 200 1883 - 158.315 ms
[2020-12-19T23:22:22.916Z] info GET /search/ 200 1883 - 160.568 ms
[2020-12-19T23:22:36.283Z] info GET /category 304  - 158.085 ms
[2020-12-19T23:22:36.289Z] info GET /product 304  - 158.720 ms
[2020-12-19T23:24:54.132Z] info GET /category 304  - 158.483 ms
[2020-12-19T23:24:54.138Z] info GET /product 304  - 162.429 ms
[2020-12-19T23:25:03.995Z] info GET /category 304  - 3.982 ms
[2020-12-19T23:25:03.997Z] info GET /product 304  - 5.280 ms
[2020-12-19T23:26:28.472Z] info GET /category 304  - 150.573 ms
[2020-12-19T23:26:28.476Z] info GET /product 304  - 149.822 ms
[2020-12-19T23:26:49.585Z] info GET /category 304  - 155.053 ms
[2020-12-19T23:26:49.590Z] info GET /product 304  - 158.971 ms
[2020-12-19T23:27:12.111Z] info GET /category 304  - 160.735 ms
[2020-12-19T23:27:12.117Z] info GET /product 304  - 153.961 ms
[2020-12-19T23:27:21.273Z] info GET /search/?nama=&kategori=&terbaru=&harga= 304  - 6.640 ms
[2020-12-19T23:27:21.277Z] info GET /search/ 304  - 6.752 ms
[2020-12-19T23:27:34.782Z] info GET /search/c 200 961 - 96.649 ms
[2020-12-19T23:27:35.533Z] info GET /search/ca 200 110 - 4.215 ms
[2020-12-19T23:27:46.430Z] info GET /search/c 304  - 100.679 ms
[2020-12-19T23:27:46.434Z] info GET /search/c 304  - 2.528 ms
[2020-12-19T23:27:58.159Z] info GET /search/cp 200 110 - 92.508 ms
[2020-12-19T23:27:58.287Z] info GET /search/cpp 200 110 - 1.461 ms
[2020-12-19T23:28:58.533Z] info GET /search/cp 304  - 96.925 ms
[2020-12-19T23:28:58.537Z] info GET /search/cp 304  - 2.121 ms
[2020-12-19T23:28:58.650Z] info GET /search/c 304  - 2.344 ms
[2020-12-19T23:28:58.656Z] info GET /search/c 304  - 2.631 ms
[2020-12-19T23:28:58.856Z] info GET /search/ 304  - 1.572 ms
[2020-12-19T23:28:58.860Z] info GET /search/ 304  - 2.458 ms
[2020-12-19T23:29:00.617Z] info GET /search/ 304  - 1.683 ms
[2020-12-19T23:29:01.280Z] info GET /search/?nama=&kategori=&terbaru=&harga= 304  - 3.881 ms
[2020-12-19T23:29:01.473Z] info GET /search/ 304  - 195.267 ms
[2020-12-19T23:29:03.986Z] info GET /search/C 304  - 1.791 ms
[2020-12-19T23:29:04.044Z] info GET /search/C 304  - 1.405 ms
[2020-12-19T23:29:04.056Z] info GET /search/C 304  - 1.835 ms
[2020-12-19T23:29:04.214Z] info GET /search/Ca 304  - 3.670 ms
[2020-12-19T23:29:04.332Z] info GET /search/Cap 200 223 - 3.427 ms
[2020-12-19T23:29:36.740Z] info GET /search/ 304  - 94.598 ms
[2020-12-19T23:29:37.142Z] info GET /search/?nama=&kategori=&terbaru=&harga= 304  - 4.703 ms
[2020-12-19T23:29:37.334Z] info GET /search/ 304  - 194.807 ms
[2020-12-19T23:29:47.854Z] info GET /search/b 200 237 - 100.179 ms
[2020-12-19T23:31:24.127Z] info GET /search/ 304  - 228.144 ms
[2020-12-19T23:31:24.352Z] info GET /search/?nama=&kategori=&terbaru=&harga= 304  - 4.012 ms
[2020-12-19T23:31:24.474Z] info GET /search/ 304  - 124.252 ms
[2020-12-19T23:31:31.897Z] info GET /search/?nama=&kategori=&terbaru=&harga= 304  - 2.674 ms
[2020-12-19T23:31:31.899Z] info GET /search/ 304  - 3.784 ms
[2020-12-19T23:31:38.073Z] info GET /search/ 304  - 2.213 ms
[2020-12-19T23:33:44.425Z] info GET /search/?nama=&kategori=&terbaru=&harga= 304  - 227.723 ms
[2020-12-19T23:33:45.221Z] info GET /search/?nama=&kategori=&terbaru=&harga= 304  - 1.680 ms
[2020-12-19T23:33:46.319Z] info GET /search/?nama=&kategori=&terbaru=&harga= 304  - 2.085 ms
[2020-12-19T23:33:47.035Z] info GET /search/?nama=&kategori=&terbaru=&harga= 304  - 2.029 ms
[2020-12-19T23:33:48.014Z] info GET /search/?nama=&kategori=&terbaru=&harga= 304  - 2.553 ms
[2020-12-19T23:33:49.030Z] info GET /search/?nama=&kategori=&terbaru=&harga= 304  - 2.091 ms
[2020-12-19T23:33:50.054Z] info GET /search/?nama=&kategori=&terbaru=&harga= 304  - 2.285 ms
[2020-12-19T23:33:50.834Z] info GET /search/?nama=&kategori=&terbaru=&harga= 304  - 1.441 ms
[2020-12-19T23:33:52.172Z] info GET /search/?nama=&kategori=&terbaru=&harga= 304  - 2.993 ms
[2020-12-19T23:33:57.348Z] info GET /search/?nama=&kategori=&terbaru=&harga= 304  - 1.540 ms
[2020-12-19T23:33:59.838Z] info GET /search/?nama=&kategori=&terbaru=&harga= 304  - 4.626 ms
[2020-12-19T23:37:41.699Z] info GET /search/ 304  - 240.999 ms
[2020-12-19T23:37:41.706Z] info GET /search/?nama=&kategori=&terbaru=&harga= 304  - 250.440 ms
[2020-12-19T23:37:43.211Z] info GET /search/?nama=&kategori=&terbaru=&harga= 304  - 1.886 ms
[2020-12-19T23:37:43.949Z] info GET /search/?nama=&kategori=&terbaru=&harga= 304  - 3.190 ms
[2020-12-19T23:37:44.261Z] info GET /search/?nama=&kategori=&terbaru=&harga= 304  - 1.542 ms
[2020-12-19T23:40:09.748Z] info GET /product 304  - 244.953 ms
[2020-12-19T23:40:09.755Z] info GET /category 304  - 253.303 ms
[2020-12-19T23:40:12.147Z] info GET /history 304  - 4.808 ms
[2020-12-19T23:41:40.039Z] info GET /history 304  - 118.574 ms
[2020-12-19T23:42:37.908Z] info GET /history 304  - 163.617 ms
[2020-12-19T23:44:20.972Z] info GET /history 304  - 198.147 ms
[2020-12-22T09:42:57.872Z] info Server running on port 4000
[2020-12-22T09:42:57.893Z] info Redis Connected
[2020-12-22T09:42:58.018Z] info Database Connected
[2020-12-22T09:42:59.829Z] info GET /search/?nama=&kategori=&terbaru=&harga= 304  - 211.963 ms
[2020-12-22T09:42:59.832Z] info GET /search/ 304  - 212.231 ms
[2020-12-22T09:43:20.140Z] info GET /search/?nama=&kategori=&terbaru=&harga= 304  - 103.414 ms
[2020-12-22T09:43:20.662Z] info GET /search/?nama=&kategori=&terbaru=&harga=ASC 304  - 3.038 ms
[2020-12-22T09:43:28.832Z] info OPTIONS /history 204 0 - 1.017 ms
[2020-12-22T09:43:28.880Z] info POST /history 201 120 - 13.664 ms
[2020-12-22T09:43:33.392Z] info GET /history 200 1021 - 6.499 ms
[2020-12-22T09:43:40.745Z] info GET /search/?nama=&kategori=&terbaru=&harga= 304  - 5.675 ms
[2020-12-22T09:43:40.863Z] info GET /search/ 304  - 122.653 ms
[2020-12-22T09:43:45.627Z] info GET /category 304  - 3.088 ms
[2020-12-22T09:43:45.632Z] info GET /product 304  - 6.184 ms
[2020-12-22T09:43:54.354Z] info OPTIONS /category 204 0 - 0.370 ms
[2020-12-22T09:43:54.370Z] info POST /category 201 63 - 11.340 ms
[2020-12-22T09:43:56.057Z] info GET /category 200 125 - 2.326 ms
[2020-12-22T09:43:58.469Z] info OPTIONS /category/43 204 0 - 0.304 ms
[2020-12-22T09:43:58.484Z] info DELETE /category/43 200 52 - 10.654 ms
[2020-12-22T09:44:00.577Z] info GET /category 200 99 - 2.424 ms
[2020-12-22T09:44:04.005Z] info OPTIONS /product 204 0 - 0.302 ms
[2020-12-22T09:44:04.009Z] error Image harus disi
[2020-12-22T09:44:04.010Z] info POST /product 500 90 - 0.878 ms
[2020-12-22T09:47:14.859Z] info Server running on port 4000
[2020-12-22T09:47:14.873Z] info Redis Connected
[2020-12-22T09:47:15.157Z] info Database Connected
[2020-12-22T09:47:24.980Z] info Server running on port 4000
[2020-12-22T09:47:24.995Z] info Redis Connected
[2020-12-22T09:47:25.258Z] info Database Connected
[2020-12-22T09:47:44.290Z] info Server running on port 4000
[2020-12-22T09:47:44.309Z] info Redis Connected
[2020-12-22T09:47:44.463Z] info Database Connected
[2020-12-22T09:48:05.753Z] info GET /product 304  - 203.642 ms
[2020-12-22T09:48:05.756Z] info GET /category 304  - 215.765 ms
[2020-12-22T09:48:08.023Z] info OPTIONS /product 204 0 - 1.116 ms
[2020-12-22T09:48:08.074Z] error null value in column "harga" of relation "products" violates not-null constraint
[2020-12-22T09:48:08.074Z] error null value in column "harga" of relation "products" violates not-null constraint
[2020-12-22T09:48:08.077Z] info POST /product 500 429 - 30.269 ms
[2020-12-22T09:48:15.771Z] info OPTIONS /category 204 0 - 0.464 ms
[2020-12-22T09:48:15.870Z] info POST /category 201 63 - 93.766 ms
[2020-12-22T09:48:17.730Z] info GET /category 200 125 - 3.579 ms
[2020-12-22T09:48:19.990Z] info OPTIONS /category/44 204 0 - 0.368 ms
[2020-12-22T09:48:20.005Z] info DELETE /category/44 200 52 - 10.316 ms
[2020-12-22T09:48:21.563Z] info GET /category 200 99 - 2.500 ms
[2020-12-22T09:48:39.041Z] info OPTIONS /product 204 0 - 0.279 ms
[2020-12-22T09:48:39.157Z] info POST /product 201 110 - 110.485 ms
[2020-12-22T09:48:39.168Z] info GET /product 200 1950 - 3.404 ms
[2020-12-22T09:48:43.118Z] info OPTIONS /product/43 204 0 - 0.318 ms
[2020-12-22T09:48:43.131Z] info DELETE /product/43 200 52 - 8.795 ms
[2020-12-22T09:48:45.273Z] info GET /product 200 1879 - 2.589 ms
[2020-12-22T09:53:32.587Z] info POST /category 201 59 - 124.069 ms
[2020-12-22T09:53:46.703Z] info GET /category 200 121 - 182.415 ms
[2020-12-22T09:53:46.710Z] info GET /product 304  - 187.466 ms
[2020-12-22T09:54:08.612Z] error Data tidak lengkap, silahkan isi kembali !
[2020-12-22T09:54:08.614Z] info POST /product 209 110 - 1.245 ms
[2020-12-22T09:55:07.159Z] error Data tidak lengkap, silahkan isi kembali !
[2020-12-22T09:55:07.161Z] info POST /category 209 110 - 1.066 ms
[2020-12-22T09:55:11.337Z] info POST /category 201 59 - 166.321 ms
[2020-12-22T09:56:03.773Z] info Server running on port 4000
[2020-12-22T09:56:03.789Z] info Redis Connected
[2020-12-22T09:56:03.917Z] info Database Connected
[2020-12-22T09:56:06.394Z] info OPTIONS /category 204 0 - 2.001 ms
[2020-12-22T09:56:06.522Z] info POST /category 201 63 - 109.930 ms
[2020-12-22T09:56:08.224Z] info GET /category 200 169 - 6.930 ms
[2020-12-22T09:56:16.311Z] error Data tidak lengkap, silahkan isi kembali !
[2020-12-22T09:56:16.313Z] info POST /category 209 110 - 1.653 ms
[2020-12-22T09:56:36.415Z] info Server running on port 4000
[2020-12-22T09:56:36.433Z] info Redis Connected
[2020-12-22T09:56:36.559Z] info Database Connected
[2020-12-22T09:56:49.849Z] info OPTIONS /category 204 0 - 2.102 ms
[2020-12-22T09:56:49.869Z] error Data tidak lengkap, silahkan isi kembali !
[2020-12-22T09:56:49.871Z] info POST /category 209 110 - 3.034 ms
[2020-12-22T09:56:51.960Z] info GET /category 200 169 - 134.378 ms
[2020-12-22T09:58:00.176Z] info Server running on port 4000
[2020-12-22T09:58:00.196Z] info Redis Connected
[2020-12-22T09:58:00.324Z] info Database Connected
[2020-12-22T09:58:03.981Z] info OPTIONS /category 204 0 - 3.030 ms
[2020-12-22T09:58:04.001Z] error Data tidak lengkap, silahkan isi kembali !
[2020-12-22T09:58:04.004Z] info POST /category 209 110 - 5.508 ms
[2020-12-22T09:58:05.861Z] info GET /category 200 169 - 105.443 ms
[2020-12-22T09:58:26.208Z] info OPTIONS /category 204 0 - 0.672 ms
[2020-12-22T09:58:26.425Z] info POST /category 201 67 - 211.135 ms
[2020-12-22T09:58:27.478Z] info GET /category 200 197 - 4.704 ms
[2020-12-22T09:58:29.806Z] info OPTIONS /category/45 204 0 - 0.254 ms
[2020-12-22T09:58:29.820Z] info DELETE /category/45 200 52 - 9.242 ms
[2020-12-22T09:58:31.576Z] info GET /category 200 175 - 3.047 ms
[2020-12-22T09:58:32.883Z] info OPTIONS /category/46 204 0 - 0.346 ms
[2020-12-22T09:58:32.897Z] info DELETE /category/46 200 52 - 8.880 ms
[2020-12-22T09:58:34.051Z] info GET /category 200 153 - 2.033 ms
[2020-12-22T09:58:35.580Z] info OPTIONS /category/47 204 0 - 0.419 ms
[2020-12-22T09:58:35.592Z] info DELETE /category/47 200 52 - 8.153 ms
[2020-12-22T09:58:36.707Z] info GET /category 200 127 - 2.277 ms
[2020-12-22T09:58:47.286Z] error Data tidak lengkap, silahkan isi kembali !
[2020-12-22T09:58:47.289Z] info POST /category 209 110 - 1.970 ms
[2020-12-22T10:01:54.860Z] info GET /category 304  - 180.916 ms
[2020-12-22T10:01:54.864Z] info GET /product 304  - 182.997 ms
[2020-12-22T10:01:58.003Z] info OPTIONS /category 204 0 - 0.263 ms
[2020-12-22T10:01:58.007Z] error Data tidak lengkap, silahkan isi kembali !
[2020-12-22T10:01:58.009Z] info POST /category 209 110 - 1.367 ms
[2020-12-22T10:01:59.824Z] info GET /category 200 127 - 5.033 ms
[2020-12-22T10:02:04.370Z] info OPTIONS /category 204 0 - 0.367 ms
[2020-12-22T10:02:04.377Z] error Data tidak lengkap, silahkan isi kembali !
[2020-12-22T10:02:04.378Z] info POST /category 209 110 - 1.051 ms
[2020-12-22T10:02:05.709Z] info GET /category 200 127 - 2.703 ms
[2020-12-22T10:02:29.081Z] info OPTIONS /category 204 0 - 0.238 ms
[2020-12-22T10:02:29.085Z] error Data tidak lengkap, silahkan isi kembali !
[2020-12-22T10:02:29.086Z] info POST /category 209 110 - 1.052 ms
[2020-12-22T10:02:30.922Z] info GET /category 200 127 - 95.512 ms
[2020-12-22T10:02:36.802Z] info OPTIONS /category 204 0 - 0.284 ms
[2020-12-22T10:02:36.815Z] info POST /category 201 65 - 9.956 ms
[2020-12-22T10:02:37.989Z] info GET /category 200 153 - 1.749 ms
[2020-12-22T10:03:13.735Z] info OPTIONS /product 204 0 - 0.250 ms
[2020-12-22T10:03:13.970Z] error null value in column "harga" of relation "products" violates not-null constraint
[2020-12-22T10:03:13.970Z] error null value in column "harga" of relation "products" violates not-null constraint
[2020-12-22T10:03:13.972Z] info POST /product 500 427 - 232.666 ms
[2020-12-22T10:04:08.245Z] info OPTIONS /category 204 0 - 0.323 ms
[2020-12-22T10:04:08.346Z] info PUT /category 201 77 - 96.812 ms
[2020-12-22T10:04:10.186Z] info GET /category 200 153 - 2.872 ms
[2020-12-22T10:04:15.917Z] info OPTIONS /category 204 0 - 0.217 ms
[2020-12-22T10:04:15.930Z] info PUT /category 201 76 - 8.926 ms
[2020-12-22T10:04:17.480Z] info GET /category 200 154 - 2.415 ms
[2020-12-22T10:04:53.544Z] info OPTIONS /category 204 0 - 0.232 ms
[2020-12-22T10:04:53.658Z] info POST /category 201 66 - 107.358 ms
[2020-12-22T10:04:54.879Z] info GET /category 200 181 - 4.266 ms
[2020-12-22T10:05:05.124Z] info Server running on port 4000
[2020-12-22T10:05:05.176Z] info Redis Connected
[2020-12-22T10:05:05.368Z] info Database Connected
[2020-12-22T10:05:07.689Z] info OPTIONS /category 204 0 - 3.154 ms
[2020-12-22T10:05:07.710Z] error Data tidak lengkap, silahkan isi kembali !
[2020-12-22T10:05:07.713Z] info POST /category 500 116 - 5.698 ms
[2020-12-22T10:06:07.393Z] info Server running on port 4000
[2020-12-22T10:06:07.425Z] info Redis Connected
[2020-12-22T10:06:07.656Z] info Database Connected
[2020-12-22T10:06:10.132Z] info OPTIONS /category 204 0 - 2.022 ms
[2020-12-22T10:06:10.153Z] error Data tidak lengkap, silahkan isi kembali !
[2020-12-22T10:06:10.156Z] info POST /category 209 110 - 4.114 ms
[2020-12-22T10:06:12.360Z] info GET /category 200 181 - 114.910 ms
[2020-12-22T10:06:51.953Z] info GET /category 304  - 164.911 ms
[2020-12-22T10:06:51.960Z] info GET /product 304  - 169.132 ms
[2020-12-22T10:06:59.702Z] error Data tidak lengkap, silahkan isi kembali !
[2020-12-22T10:06:59.704Z] info POST /category 209 110 - 1.503 ms
[2020-12-22T10:07:13.608Z] info Server running on port 4000
[2020-12-22T10:07:13.625Z] info Redis Connected
[2020-12-22T10:07:13.756Z] info Database Connected
[2020-12-22T10:07:14.857Z] error Data tidak lengkap, silahkan isi kembali !
[2020-12-22T10:07:14.864Z] info POST /category 500 116 - 6.557 ms
[2020-12-22T10:07:18.487Z] error Data tidak lengkap, silahkan isi kembali !
[2020-12-22T10:07:18.492Z] info POST /category 500 116 - 1.757 ms
[2020-12-22T10:07:40.011Z] info Server running on port 4000
[2020-12-22T10:07:40.052Z] info Redis Connected
[2020-12-22T10:07:40.197Z] info Database Connected
[2020-12-22T10:07:40.780Z] error Data tidak lengkap, silahkan isi kembali !
[2020-12-22T10:07:40.792Z] info POST /category 209 110 - 11.106 ms
[2020-12-22T10:08:26.329Z] info Server running on port 4000
[2020-12-22T10:08:26.344Z] info Redis Connected
[2020-12-22T10:08:26.475Z] info Database Connected
[2020-12-22T10:08:30.053Z] info OPTIONS /category 204 0 - 2.209 ms
[2020-12-22T10:08:30.074Z] error Data tidak lengkap, silahkan isi kembali !
[2020-12-22T10:08:30.077Z] info POST /category 401 107 - 4.244 ms
[2020-12-22T10:08:41.254Z] info OPTIONS /category 204 0 - 0.810 ms
[2020-12-22T10:08:41.404Z] info POST /category 201 67 - 142.495 ms
[2020-12-22T10:08:41.417Z] info GET /category 200 209 - 5.915 ms
[2020-12-22T10:08:47.453Z] info OPTIONS /category/48 204 0 - 0.465 ms
[2020-12-22T10:08:47.467Z] info DELETE /category/48 200 52 - 8.919 ms
[2020-12-22T10:08:48.776Z] info GET /category 200 181 - 2.347 ms
[2020-12-22T10:08:49.818Z] info OPTIONS /category/49 204 0 - 0.565 ms
[2020-12-22T10:08:49.832Z] info DELETE /category/49 200 52 - 8.876 ms
[2020-12-22T10:08:50.916Z] info GET /category 200 154 - 2.019 ms
[2020-12-22T10:08:51.926Z] info OPTIONS /category/50 204 0 - 0.399 ms
[2020-12-22T10:08:51.942Z] info DELETE /category/50 200 52 - 11.772 ms
[2020-12-22T10:08:52.775Z] info GET /category 200 127 - 2.270 ms
[2020-12-22T10:08:54.503Z] info OPTIONS /category/51 204 0 - 0.349 ms
[2020-12-22T10:08:54.518Z] info DELETE /category/51 200 52 - 8.321 ms
[2020-12-22T10:08:55.413Z] info GET /category 200 99 - 1.669 ms
[2020-12-22T10:09:09.697Z] info Server running on port 4000
[2020-12-22T10:09:09.712Z] info Redis Connected
[2020-12-22T10:09:09.839Z] info Database Connected
[2020-12-22T10:09:39.812Z] info Server running on port 4000
[2020-12-22T10:09:39.828Z] info Redis Connected
[2020-12-22T10:09:40.002Z] info Database Connected
[2020-12-22T10:09:43.198Z] info OPTIONS /category 204 0 - 2.547 ms
[2020-12-22T10:09:43.218Z] error Data tidak lengkap, silahkan isi kembali !
[2020-12-22T10:09:43.221Z] info POST /category 401 107 - 3.181 ms
[2020-12-22T10:09:48.085Z] info POST /category 201 66 - 116.966 ms
[2020-12-22T10:09:48.099Z] info GET /category 200 126 - 6.805 ms
[2020-12-22T10:09:52.863Z] info OPTIONS /category 204 0 - 0.564 ms
[2020-12-22T10:09:52.877Z] info POST /category 201 65 - 8.639 ms
[2020-12-22T10:09:52.887Z] info GET /category 200 152 - 1.915 ms
[2020-12-22T10:09:55.146Z] info OPTIONS /category/53 204 0 - 0.377 ms
[2020-12-22T10:09:55.155Z] info DELETE /category/53 200 52 - 3.028 ms
[2020-12-22T10:09:56.616Z] info GET /category 200 126 - 3.105 ms
[2020-12-22T10:09:57.625Z] info OPTIONS /category/52 204 0 - 0.392 ms
[2020-12-22T10:09:57.639Z] info DELETE /category/52 200 52 - 8.660 ms
[2020-12-22T10:09:58.432Z] info GET /category 200 99 - 2.311 ms
[2020-12-22T10:10:02.156Z] info OPTIONS /product 204 0 - 0.378 ms
[2020-12-22T10:10:02.176Z] error null value in column "harga" of relation "products" violates not-null constraint
[2020-12-22T10:10:02.176Z] error null value in column "harga" of relation "products" violates not-null constraint
[2020-12-22T10:10:02.178Z] info POST /product 500 429 - 15.278 ms
[2020-12-22T10:11:02.358Z] info Server running on port 4000
[2020-12-22T10:11:02.377Z] info Redis Connected
[2020-12-22T10:11:02.501Z] info Database Connected
[2020-12-22T10:11:09.368Z] info GET /product 304  - 243.642 ms
[2020-12-22T10:11:09.371Z] info GET /category 304  - 258.099 ms
[2020-12-22T10:11:12.295Z] info OPTIONS /product 204 0 - 1.276 ms
[2020-12-22T10:11:12.333Z] error null value in column "harga" of relation "products" violates not-null constraint
[2020-12-22T10:11:12.333Z] error null value in column "harga" of relation "products" violates not-null constraint
[2020-12-22T10:11:12.336Z] info POST /product 500 429 - 16.187 ms
[2020-12-22T10:11:18.676Z] info OPTIONS /category 204 0 - 0.489 ms
[2020-12-22T10:11:18.682Z] error Data tidak lengkap, silahkan isi kembali !
[2020-12-22T10:11:18.684Z] info POST /category 401 107 - 1.416 ms
[2020-12-22T10:11:39.841Z] info OPTIONS /product 204 0 - 0.335 ms
[2020-12-22T10:11:39.989Z] info POST /product 201 111 - 142.538 ms
[2020-12-22T10:11:40.001Z] info GET /product 200 1953 - 4.115 ms
[2020-12-22T10:11:50.880Z] info GET /search/?nama=&kategori=&terbaru=&harga= 200 1958 - 174.778 ms
[2020-12-22T10:11:50.883Z] info GET /search/ 200 1958 - 175.003 ms
[2020-12-22T10:11:54.483Z] info GET /search/?nama=&kategori=&terbaru=&harga= 304  - 3.254 ms
[2020-12-22T10:11:55.088Z] info GET /search/?nama=&kategori=&terbaru=&harga= 304  - 1.705 ms
[2020-12-22T10:11:59.081Z] info GET /category 304  - 4.003 ms
[2020-12-22T10:11:59.084Z] info GET /product 304  - 5.368 ms
[2020-12-22T10:12:03.415Z] info OPTIONS /product/47 204 0 - 0.312 ms
[2020-12-22T10:12:03.432Z] info DELETE /product/47 200 52 - 11.132 ms
[2020-12-22T10:12:04.813Z] info GET /product 200 1879 - 3.327 ms
[2020-12-22T10:15:57.114Z] info GET /category 304  - 163.691 ms
[2020-12-22T10:15:57.220Z] info GET /product 304  - 215.340 ms
[2020-12-22T10:15:57.257Z] info GET /category 304  - 3.668 ms
[2020-12-22T10:15:57.259Z] info GET /product 304  - 4.324 ms
[2020-12-22T10:16:53.569Z] info GET /category 304  - 213.985 ms
[2020-12-22T10:16:53.573Z] info GET /product 304  - 214.910 ms
[2020-12-22T10:16:58.173Z] info GET /category 304  - 3.325 ms
[2020-12-22T10:16:58.174Z] info GET /product 304  - 4.194 ms
[2020-12-22T10:17:13.665Z] info GET /product 304  - 209.158 ms
[2020-12-22T10:17:13.671Z] info GET /category 304  - 218.040 ms
[2020-12-22T10:17:56.434Z] info GET /product 304  - 256.205 ms
[2020-12-22T10:17:56.437Z] info GET /category 304  - 264.107 ms
[2020-12-22T10:22:18.636Z] info GET /product 304  - 308.971 ms
[2020-12-22T10:22:18.640Z] info GET /category 304  - 314.289 ms
[2020-12-22T10:22:55.257Z] info OPTIONS /product 204 0 - 0.383 ms
[2020-12-22T10:22:55.461Z] error null value in column "harga" of relation "products" violates not-null constraint
[2020-12-22T10:22:55.461Z] error null value in column "harga" of relation "products" violates not-null constraint
[2020-12-22T10:22:55.463Z] info POST /product 500 429 - 198.253 ms
[2020-12-22T10:23:02.973Z] info OPTIONS /category 204 0 - 0.355 ms
[2020-12-22T10:23:02.983Z] error Data tidak lengkap, silahkan isi kembali !
[2020-12-22T10:23:02.984Z] info POST /category 401 107 - 0.707 ms
[2020-12-22T10:24:22.107Z] info POST /product 201 277 - 111.941 ms
[2020-12-22T10:24:27.327Z] error syntax error at or near ","
[2020-12-22T10:24:27.327Z] error syntax error at or near ","
[2020-12-22T10:24:27.329Z] info POST /product 500 254 - 34.698 ms
[2020-12-22T10:24:44.969Z] error syntax error at or near ")"
[2020-12-22T10:24:44.969Z] error syntax error at or near ")"
[2020-12-22T10:24:44.971Z] info POST /product 500 254 - 203.959 ms
[2020-12-22T10:24:53.779Z] info POST /product 201 108 - 105.473 ms
[2020-12-22T10:25:08.887Z] info POST /product 201 102 - 123.514 ms
[2020-12-22T10:25:22.769Z] info GET /category 304  - 256.529 ms
[2020-12-22T10:25:22.775Z] info GET /product 200 2255 - 261.338 ms
[2020-12-22T10:25:25.211Z] info OPTIONS /product/51 204 0 - 0.198 ms
[2020-12-22T10:25:25.223Z] info DELETE /product/51 200 52 - 4.193 ms
[2020-12-22T10:25:26.662Z] info GET /product 200 2190 - 1.990 ms
[2020-12-22T10:25:27.932Z] info OPTIONS /product/50 204 0 - 0.356 ms
[2020-12-22T10:25:27.938Z] info DELETE /product/50 200 52 - 1.710 ms
[2020-12-22T10:25:28.942Z] info GET /product 200 2119 - 2.641 ms
[2020-12-22T10:25:30.174Z] info OPTIONS /product/49 204 0 - 0.311 ms
[2020-12-22T10:25:30.189Z] info DELETE /product/49 200 52 - 10.202 ms
[2020-12-22T10:25:31.262Z] info GET /product 200 1879 - 2.022 ms
[2020-12-22T10:27:05.497Z] info Server running on port 4000
[2020-12-22T10:27:05.516Z] info Redis Connected
[2020-12-22T10:27:05.688Z] info Database Connected
[2020-12-22T10:27:11.831Z] error Data tidak lengkap, silahkan isi kembali !
[2020-12-22T10:27:11.838Z] info POST /product 401 107 - 5.460 ms
[2020-12-22T10:27:19.012Z] error Data tidak lengkap, silahkan isi kembali !
[2020-12-22T10:27:19.023Z] info POST /product 401 107 - 2.709 ms
[2020-12-22T10:27:28.167Z] info OPTIONS /product 204 0 - 1.729 ms
[2020-12-22T10:27:28.176Z] error Data tidak lengkap, silahkan isi kembali !
[2020-12-22T10:27:28.177Z] info POST /product 401 107 - 1.065 ms
[2020-12-22T10:27:40.548Z] info OPTIONS /product 204 0 - 0.651 ms
[2020-12-22T10:27:40.689Z] error null value in column "harga" of relation "products" violates not-null constraint
[2020-12-22T10:27:40.689Z] error null value in column "harga" of relation "products" violates not-null constraint
[2020-12-22T10:27:40.691Z] info POST /product 500 429 - 134.065 ms
[2020-12-22T10:27:47.038Z] info GET /category 304  - 265.453 ms
[2020-12-22T10:27:47.045Z] info GET /product 304  - 270.291 ms
[2020-12-22T10:27:56.463Z] info GET /search/?nama=&kategori=&terbaru=&harga= 200 1883 - 7.957 ms
[2020-12-22T10:27:56.465Z] info GET /search/ 200 1883 - 7.324 ms
[2020-12-22T10:28:12.128Z] info GET /product 304  - 161.355 ms
[2020-12-22T10:28:12.133Z] info GET /category 304  - 169.116 ms
[2020-12-22T10:28:15.869Z] info GET /search/?nama=&kategori=&terbaru=&harga= 304  - 6.204 ms
[2020-12-22T10:28:15.872Z] info GET /search/ 304  - 6.654 ms
[2020-12-22T10:28:23.505Z] info GET /search/ 304  - 2.378 ms
[2020-12-22T10:31:14.650Z] info GET /search/?nama=&kategori=&terbaru=&harga= 304  - 155.920 ms
[2020-12-22T10:31:14.655Z] info GET /search/ 304  - 158.022 ms
[2020-12-22T10:31:14.657Z] info GET /search/?nama=&kategori=&terbaru=&harga= 304  - 4.200 ms
[2020-12-22T10:31:14.661Z] info GET /search/ 304  - 2.502 ms
[2020-12-22T10:32:19.967Z] info GET /search/ 304  - 270.210 ms
[2020-12-22T10:32:19.971Z] info GET /search/?nama=&kategori=&terbaru=&harga= 304  - 275.657 ms
[2020-12-22T10:32:31.203Z] info GET /search/?nama=&kategori=&terbaru=&harga= 304  - 307.827 ms
[2020-12-22T10:32:31.208Z] info GET /search/ 304  - 310.978 ms
[2020-12-22T10:34:23.140Z] info GET /search/ 304  - 251.650 ms
[2020-12-22T10:34:23.144Z] info GET /search/?nama=&kategori=&terbaru=&harga= 304  - 258.219 ms
[2020-12-22T10:36:51.253Z] info GET /search/?nama=&kategori=&terbaru=&harga= 304  - 87.591 ms
[2020-12-22T10:36:51.891Z] info GET /search/?nama=ASC&kategori=&terbaru=&harga= 200 1883 - 5.147 ms
[2020-12-22T10:42:40.029Z] info GET /search/?nama=&kategori=&terbaru=&harga= 304  - 96.964 ms
[2020-12-22T10:42:40.518Z] info GET /search/?nama=&kategori=&terbaru=&harga=ASC 304  - 2.259 ms
[2020-12-22T10:43:06.011Z] info GET /search/?nama=&kategori=&terbaru=&harga= 304  - 98.782 ms
[2020-12-22T10:44:04.242Z] info GET /search/?nama=&kategori=&terbaru=&harga= 304  - 134.044 ms
[2020-12-22T10:44:04.246Z] info GET /search/ 304  - 136.153 ms
[2020-12-22T10:44:14.181Z] info GET /search/?nama=&kategori=&terbaru=&harga= 304  - 1.592 ms
[2020-12-22T10:44:15.585Z] info GET /search/?nama=&kategori=ASC&terbaru=&harga= 200 1883 - 3.419 ms
[2020-12-22T10:44:16.546Z] info GET /search/?nama=&kategori=ASC&terbaru=&harga= 304  - 2.278 ms
[2020-12-22T10:44:18.006Z] info GET /search/?nama=&kategori=&terbaru=&harga= 304  - 2.462 ms
[2020-12-22T10:44:19.870Z] info GET /search/?nama=&kategori=&terbaru=&harga= 304  - 2.919 ms
[2020-12-22T10:44:20.377Z] info GET /search/?nama=&kategori=DESC&terbaru=&harga= 200 1883 - 2.833 ms
[2020-12-22T10:44:25.654Z] info GET /search/?nama=&kategori=DESC&terbaru=&harga= 304  - 2.345 ms
[2020-12-22T10:44:29.922Z] info GET /search/?nama=&kategori=&terbaru=&harga= 304  - 3.416 ms
[2020-12-22T10:44:32.872Z] info GET /search/?nama=&kategori=&terbaru=&harga= 304  - 1.528 ms
[2020-12-22T10:44:33.727Z] info GET /search/?nama=ASC&kategori=&terbaru=&harga= 304  - 2.855 ms
[2020-12-22T10:44:35.128Z] info GET /search/?nama=ASC&kategori=&terbaru=&harga= 304  - 2.650 ms
[2020-12-22T10:44:35.716Z] info GET /search/?nama=ASC&kategori=&terbaru=&harga=ASC 200 1883 - 2.249 ms
[2020-12-22T10:44:36.470Z] info GET /search/?nama=ASC&kategori=&terbaru=&harga=ASC 304  - 1.927 ms
[2020-12-22T10:44:36.952Z] info GET /search/?nama=ASC&kategori=&terbaru=&harga= 304  - 2.308 ms
[2020-12-22T10:44:38.178Z] info GET /search/?nama=ASC&kategori=&terbaru=&harga= 304  - 2.594 ms
[2020-12-22T10:44:38.858Z] info GET /search/?nama=ASC&kategori=ASC&terbaru=&harga= 200 1883 - 3.917 ms
[2020-12-22T10:44:40.460Z] info GET /search/?nama=ASC&kategori=ASC&terbaru=&harga= 304  - 2.310 ms
[2020-12-22T10:44:41.264Z] info GET /search/?nama=&kategori=ASC&terbaru=&harga= 304  - 3.255 ms
[2020-12-22T10:44:41.928Z] info GET /search/?nama=&kategori=ASC&terbaru=&harga= 304  - 1.675 ms
[2020-12-22T10:44:42.719Z] info GET /search/?nama=&kategori=ASC&terbaru=&harga=DESC 200 1883 - 4.214 ms
[2020-12-22T10:44:44.998Z] info GET /search/?nama=&kategori=ASC&terbaru=&harga=DESC 304  - 2.564 ms
[2020-12-22T10:44:45.659Z] info GET /search/?nama=&kategori=&terbaru=&harga=DESC 200 1883 - 4.055 ms
[2020-12-22T10:44:46.752Z] info GET /search/?nama=&kategori=&terbaru=&harga=DESC 304  - 2.690 ms
[2020-12-22T10:44:47.512Z] info GET /search/?nama=ASC&kategori=&terbaru=&harga=DESC 200 1883 - 2.078 ms
[2020-12-22T10:44:49.420Z] info GET /search/?nama=ASC&kategori=&terbaru=&harga=DESC 304  - 1.654 ms
[2020-12-22T10:44:50.257Z] info GET /search/?nama=ASC&kategori=&terbaru=&harga=ASC 304  - 4.045 ms
[2020-12-22T10:44:50.899Z] info GET /search/?nama=ASC&kategori=&terbaru=&harga=ASC 304  - 1.855 ms
[2020-12-22T10:44:52.043Z] info GET /search/?nama=ASC&kategori=&terbaru=&harga=DESC 304  - 3.262 ms
[2020-12-22T10:44:52.746Z] info GET /search/?nama=ASC&kategori=&terbaru=&harga=DESC 304  - 3.006 ms
[2020-12-22T10:44:53.460Z] info GET /search/?nama=ASC&kategori=&terbaru=&harga=ASC 304  - 4.346 ms
[2020-12-22T10:44:54.371Z] info GET /search/?nama=ASC&kategori=&terbaru=&harga=ASC 304  - 2.809 ms
[2020-12-22T10:44:54.999Z] info GET /search/?nama=ASC&kategori=&terbaru=&harga=DESC 304  - 3.911 ms
[2020-12-22T10:44:55.530Z] info GET /search/?nama=ASC&kategori=&terbaru=&harga=DESC 304  - 2.258 ms
[2020-12-22T10:44:56.488Z] info GET /search/?nama=ASC&kategori=&terbaru=&harga=ASC 304  - 3.803 ms
[2020-12-22T10:45:52.928Z] info GET /search/ 304  - 334.000 ms
[2020-12-22T10:45:52.932Z] info GET /search/?nama=&kategori=&terbaru=&harga= 304  - 341.447 ms
[2020-12-22T10:45:55.008Z] info GET /search/?nama=null&kategori=&terbaru=&harga= 200 1883 - 1.468 ms
[2020-12-22T10:45:55.768Z] info GET /search/?nama=ASC&kategori=&terbaru=&harga= 304  - 2.922 ms
[2020-12-22T10:46:00.469Z] info GET /search/?nama=null&kategori=&terbaru=&harga= 304  - 2.873 ms
[2020-12-22T10:46:02.161Z] info GET /search/?nama=ASC&kategori=&terbaru=&harga= 304  - 3.330 ms
[2020-12-22T10:46:02.819Z] info GET /search/?nama=ASC&kategori=&terbaru=&harga= 304  - 3.854 ms
[2020-12-22T10:46:03.594Z] info GET /search/?nama=&kategori=&terbaru=&harga= 304  - 2.565 ms
[2020-12-22T10:46:04.192Z] info GET /search/?nama=&kategori=&terbaru=&harga= 304  - 1.716 ms
[2020-12-22T10:46:04.801Z] info GET /search/?nama=ASC&kategori=&terbaru=&harga= 304  - 3.473 ms
[2020-12-22T10:46:05.324Z] info GET /search/?nama=ASC&kategori=&terbaru=&harga= 304  - 1.815 ms
[2020-12-22T10:46:05.823Z] info GET /search/?nama=&kategori=&terbaru=&harga= 304  - 3.739 ms
[2020-12-22T10:46:09.427Z] info GET /search/?nama=null&kategori=&terbaru=&harga= 304  - 2.178 ms
[2020-12-22T10:46:10.496Z] info GET /search/?nama=DESC&kategori=&terbaru=&harga= 200 1883 - 4.016 ms
[2020-12-22T10:46:22.918Z] info GET /search/?nama=null&kategori=&terbaru=&harga= 304  - 91.144 ms
[2020-12-22T10:46:24.843Z] info GET /search/?nama=&kategori=&terbaru=&harga= 304  - 2.845 ms
[2020-12-22T10:47:35.380Z] info GET /search/?nama=&kategori=&terbaru=&harga= 304  - 165.018 ms
[2020-12-22T10:47:35.384Z] info GET /search/ 304  - 167.478 ms
[2020-12-22T10:47:37.869Z] info GET /search/?nama=&kategori=&terbaru=&harga= 304  - 2.741 ms
[2020-12-22T10:47:38.615Z] info GET /search/?nama=DESC&kategori=&terbaru=&harga= 304  - 3.650 ms
[2020-12-22T10:47:42.115Z] info GET /search/?nama=&kategori=&terbaru=&harga= 304  - 1.881 ms
[2020-12-22T10:47:43.225Z] info GET /search/?nama=ASC&kategori=&terbaru=&harga= 304  - 3.783 ms
[2020-12-22T10:47:44.289Z] info GET /search/?nama=ASC&kategori=&terbaru=&harga= 304  - 3.130 ms
[2020-12-22T10:47:44.955Z] info GET /search/?nama=&kategori=&terbaru=&harga= 304  - 3.052 ms
[2020-12-22T10:47:45.979Z] info GET /search/?nama=&kategori=&terbaru=&harga= 304  - 1.679 ms
[2020-12-22T10:47:46.474Z] info GET /search/?nama=ASC&kategori=&terbaru=&harga= 304  - 3.438 ms
[2020-12-22T10:47:46.929Z] info GET /search/?nama=ASC&kategori=&terbaru=&harga= 304  - 2.076 ms
[2020-12-22T10:47:47.484Z] info GET /search/?nama=DESC&kategori=&terbaru=&harga= 304  - 2.685 ms
[2020-12-22T10:47:48.016Z] info GET /search/?nama=DESC&kategori=&terbaru=&harga= 304  - 2.008 ms
[2020-12-22T10:47:48.487Z] info GET /search/?nama=ASC&kategori=&terbaru=&harga= 304  - 2.670 ms
[2020-12-22T10:47:48.914Z] info GET /search/?nama=ASC&kategori=&terbaru=&harga= 304  - 2.245 ms
[2020-12-22T10:47:49.398Z] info GET /search/?nama=ASC&kategori=&terbaru=&harga= 304  - 3.365 ms
[2020-12-22T10:47:49.905Z] info GET /search/?nama=ASC&kategori=&terbaru=&harga= 304  - 2.210 ms
[2020-12-22T10:47:50.420Z] info GET /search/?nama=&kategori=&terbaru=&harga= 304  - 3.423 ms
[2020-12-22T10:47:50.925Z] info GET /search/?nama=&kategori=&terbaru=&harga= 304  - 2.721 ms
[2020-12-22T10:47:51.522Z] info GET /search/?nama=DESC&kategori=&terbaru=&harga= 304  - 4.217 ms
[2020-12-22T10:47:52.157Z] info GET /search/?nama=DESC&kategori=&terbaru=&harga= 304  - 2.196 ms
[2020-12-22T10:47:52.684Z] info GET /search/?nama=ASC&kategori=&terbaru=&harga= 304  - 3.745 ms
[2020-12-22T10:47:53.105Z] info GET /search/?nama=ASC&kategori=&terbaru=&harga= 304  - 1.744 ms
[2020-12-22T10:47:53.640Z] info GET /search/?nama=DESC&kategori=&terbaru=&harga= 304  - 2.698 ms
[2020-12-22T10:47:54.156Z] info GET /search/?nama=DESC&kategori=&terbaru=&harga= 304  - 1.941 ms
[2020-12-22T10:47:54.602Z] info GET /search/?nama=ASC&kategori=&terbaru=&harga= 304  - 3.771 ms
[2020-12-22T10:47:55.076Z] info GET /search/?nama=ASC&kategori=&terbaru=&harga= 304  - 2.729 ms
[2020-12-22T10:47:55.488Z] info GET /search/?nama=&kategori=&terbaru=&harga= 304  - 3.308 ms
[2020-12-22T10:48:03.458Z] info GET /search/?nama=&kategori=&terbaru=&harga= 304  - 1.839 ms
[2020-12-22T10:48:03.928Z] info GET /search/?nama=&kategori=&terbaru=&harga= 304  - 5.154 ms
[2020-12-22T10:48:04.777Z] info GET /search/?nama=&kategori=&terbaru=&harga= 304  - 2.274 ms
[2020-12-22T10:48:05.345Z] info GET /search/?nama=&kategori=&terbaru=&harga=ASC 304  - 3.904 ms
[2020-12-22T10:48:12.312Z] info GET /search/?nama=&kategori=&terbaru=&harga= 304  - 2.956 ms
[2020-12-22T10:48:12.398Z] info GET /search/ 304  - 87.377 ms
[2020-12-22T10:48:16.024Z] info GET /search/ 304  - 1.766 ms
[2020-12-22T10:48:44.961Z] info GET /search/?nama=&kategori=&terbaru=&harga= 304  - 135.176 ms
[2020-12-22T10:48:44.966Z] info GET /search/ 304  - 137.844 ms
[2020-12-22T10:48:51.241Z] info GET /search/?nama=&kategori=&terbaru=&harga= 304  - 1.386 ms
[2020-12-22T10:48:51.992Z] info GET /search/?nama=ASC&kategori=&terbaru=&harga= 304  - 3.559 ms
[2020-12-22T10:48:53.726Z] info GET /search/?nama=ASC&kategori=&terbaru=&harga= 304  - 1.449 ms
[2020-12-22T10:48:54.888Z] info GET /search/?nama=ASC&kategori=&terbaru=&harga=DESC 304  - 4.659 ms
[2020-12-22T10:48:56.561Z] info GET /search/?nama=ASC&kategori=&terbaru=&harga=DESC 304  - 3.061 ms
[2020-12-22T10:48:58.070Z] info GET /search/?nama=ASC&kategori=&terbaru=&harga=DESC 304  - 3.043 ms
[2020-12-22T10:48:58.906Z] info GET /search/?nama=ASC&kategori=&terbaru=&harga=ASC 304  - 3.361 ms
[2020-12-22T10:48:59.609Z] info GET /search/?nama=ASC&kategori=&terbaru=&harga=ASC 304  - 2.450 ms
[2020-12-22T10:49:00.323Z] info GET /search/?nama=ASC&kategori=&terbaru=&harga= 304  - 5.142 ms
[2020-12-22T10:49:01.717Z] info GET /search/?nama=ASC&kategori=&terbaru=&harga= 304  - 3.251 ms
[2020-12-22T10:49:03.288Z] info GET /search/?nama=ASC&kategori=&terbaru=&harga= 304  - 1.559 ms
[2020-12-22T10:49:07.563Z] info GET /search/?nama=ASC&kategori=&terbaru=&harga= 304  - 2.549 ms
[2020-12-22T10:49:08.074Z] info GET /search/?nama=&kategori=&terbaru=&harga= 304  - 2.627 ms
[2020-12-22T10:49:08.945Z] info GET /search/?nama=&kategori=&terbaru=&harga= 304  - 1.318 ms
[2020-12-22T10:49:09.605Z] info GET /search/?nama=ASC&kategori=&terbaru=&harga= 304  - 3.977 ms
[2020-12-22T10:49:10.049Z] info GET /search/?nama=ASC&kategori=&terbaru=&harga= 304  - 2.417 ms
[2020-12-22T10:49:10.697Z] info GET /search/?nama=DESC&kategori=&terbaru=&harga= 304  - 4.477 ms
[2020-12-22T10:49:11.132Z] info GET /search/?nama=DESC&kategori=&terbaru=&harga= 304  - 2.300 ms
[2020-12-22T10:49:11.596Z] info GET /search/?nama=&kategori=&terbaru=&harga= 304  - 3.641 ms
[2020-12-22T10:49:15.266Z] info GET /search/?nama=&kategori=&terbaru=&harga= 304  - 1.903 ms
[2020-12-22T10:49:15.865Z] info GET /search/?nama=&kategori=&terbaru=DESC&harga= 200 1883 - 2.359 ms
[2020-12-22T10:49:48.407Z] info GET /search/?nama=&kategori=&terbaru=&harga= 304  - 189.105 ms
[2020-12-22T10:49:48.412Z] info GET /search/ 304  - 190.815 ms
[2020-12-22T10:49:51.045Z] info GET /search/?nama=&kategori=&terbaru=&harga= 304  - 1.748 ms
[2020-12-22T10:49:51.746Z] info GET /search/?nama=&kategori=&terbaru=DESC&harga= 304  - 2.528 ms
[2020-12-22T10:50:04.247Z] info GET /search/?nama=&kategori=&terbaru=DESC&harga= 304  - 90.020 ms
[2020-12-22T10:50:05.583Z] info GET /search/?nama=&kategori=&terbaru=&harga= 304  - 3.826 ms
[2020-12-22T10:50:31.966Z] info GET /search/?nama=&kategori=&terbaru=&harga= 304  - 132.495 ms
[2020-12-22T10:50:31.970Z] info GET /search/ 304  - 135.100 ms
[2020-12-22T10:50:35.542Z] info GET /search/?nama=&kategori=&terbaru=&harga= 304  - 1.624 ms
[2020-12-22T10:50:36.958Z] info GET /search/?nama=&kategori=&terbaru=&harga= 304  - 2.052 ms
[2020-12-22T10:50:37.658Z] info GET /search/?nama=&kategori=&terbaru=&harga=DESC 304  - 2.479 ms
[2020-12-22T10:50:38.968Z] info GET /search/?nama=&kategori=&terbaru=&harga=DESC 304  - 1.497 ms
[2020-12-22T10:50:39.961Z] info GET /search/?nama=&kategori=&terbaru=&harga=DESC 304  - 1.731 ms
[2020-12-22T10:50:41.586Z] info GET /search/?nama=&kategori=&terbaru=&harga=DESC 304  - 1.388 ms
[2020-12-22T10:50:42.229Z] info GET /search/?nama=&kategori=&terbaru=&harga= 304  - 4.298 ms
[2020-12-22T10:50:45.211Z] info GET /search/?nama=&kategori=&terbaru=&harga= 304  - 1.543 ms
[2020-12-22T10:50:46.105Z] info GET /search/?nama=&kategori=&terbaru=&harga= 304  - 2.210 ms
[2020-12-22T10:50:46.628Z] info GET /search/?nama=&kategori=&terbaru=&harga= 304  - 1.836 ms
[2020-12-22T10:51:08.144Z] info GET /search/?nama=&kategori=&terbaru=&harga= 304  - 274.295 ms
[2020-12-22T10:51:08.150Z] info GET /search/ 304  - 276.393 ms
[2020-12-22T10:51:09.724Z] info GET /search/?nama=&kategori=&terbaru=&harga= 304  - 1.623 ms
[2020-12-22T10:51:10.740Z] info GET /search/?nama=&kategori=&terbaru=&harga= 304  - 2.072 ms
[2020-12-22T10:51:11.511Z] info GET /search/?nama=ASC&kategori=&terbaru=&harga= 304  - 3.200 ms
[2020-12-22T10:51:13.649Z] info GET /search/?nama=&kategori=&terbaru=&harga= 304  - 1.822 ms
[2020-12-22T10:51:15.189Z] info GET /search/?nama=&kategori=&terbaru=&harga= 304  - 1.596 ms
[2020-12-22T10:51:16.664Z] info GET /search/?nama=&kategori=&terbaru=&harga= 304  - 1.788 ms
[2020-12-22T10:51:17.924Z] info GET /search/?nama=DESC&kategori=&terbaru=&harga= 304  - 2.843 ms
[2020-12-22T10:51:19.501Z] info GET /search/?nama=&kategori=&terbaru=&harga= 304  - 1.553 ms
[2020-12-22T10:51:21.635Z] info GET /search/?nama=&kategori=&terbaru=&harga= 304  - 1.827 ms
[2020-12-22T10:51:22.597Z] info GET /search/?nama=&kategori=&terbaru=&harga= 304  - 1.372 ms
[2020-12-22T10:51:23.717Z] info GET /search/?nama=DESC&kategori=&terbaru=&harga= 304  - 4.141 ms
[2020-12-22T10:51:25.435Z] info GET /search/?nama=&kategori=&terbaru=&harga= 304  - 1.893 ms
[2020-12-22T10:51:27.463Z] info GET /search/?nama=&kategori=&terbaru=&harga= 304  - 1.625 ms
[2020-12-22T10:51:28.452Z] info GET /search/?nama=&kategori=&terbaru=&harga= 304  - 2.449 ms
[2020-12-22T10:51:29.234Z] info GET /search/?nama=ASC&kategori=&terbaru=&harga= 304  - 2.824 ms
[2020-12-22T10:51:32.156Z] info GET /search/?nama=&kategori=&terbaru=&harga= 304  - 1.704 ms
[2020-12-22T10:51:32.678Z] info GET /search/?nama=&kategori=&terbaru=&harga= 304  - 2.272 ms
[2020-12-22T10:51:33.134Z] info GET /search/?nama=&kategori=&terbaru=&harga= 304  - 1.466 ms
[2020-12-22T10:51:33.560Z] info GET /search/?nama=&kategori=&terbaru=&harga= 304  - 1.513 ms
[2020-12-22T10:51:33.969Z] info GET /search/?nama=&kategori=&terbaru=&harga= 304  - 1.469 ms
[2020-12-22T10:51:34.540Z] info GET /search/?nama=&kategori=&terbaru=&harga= 304  - 1.725 ms
[2020-12-22T10:52:45.657Z] info GET /search/ 304  - 214.998 ms
[2020-12-22T10:52:45.661Z] info GET /search/?nama=&kategori=&terbaru=&harga= 304  - 220.383 ms
[2020-12-22T10:52:47.151Z] info GET /search/?nama=&kategori=&terbaru=&harga= 304  - 1.790 ms
[2020-12-22T10:52:48.441Z] info GET /search/?nama=&kategori=&terbaru=&harga= 304  - 1.815 ms
[2020-12-22T10:52:49.040Z] info GET /search/?nama=&kategori=ASC&terbaru=&harga= 304  - 2.699 ms
[2020-12-22T10:52:53.541Z] info GET /search/?nama=&kategori=&terbaru=&harga= 304  - 1.788 ms
[2020-12-22T10:52:54.993Z] info GET /search/?nama=&kategori=&terbaru=&harga= 304  - 1.825 ms
[2020-12-22T10:52:56.108Z] info GET /search/?nama=&kategori=&terbaru=&harga= 304  - 1.774 ms
[2020-12-22T10:52:57.160Z] info GET /search/?nama=&kategori=DESC&terbaru=&harga= 304  - 1.844 ms
[2020-12-22T10:52:58.273Z] info GET /search/?nama=&kategori=&terbaru=&harga= 304  - 1.470 ms
[2020-12-22T10:54:34.126Z] info GET /search/?nama=&kategori=&terbaru=&harga= 304  - 109.749 ms
[2020-12-22T10:54:36.446Z] info GET /search/?nama=&kategori=&terbaru=&harga= 304  - 2.277 ms
[2020-12-22T10:54:37.077Z] info GET /search/?nama=&kategori=&terbaru=&harga= 304  - 2.296 ms
[2020-12-22T10:54:38.880Z] info GET /search/?nama=&kategori=&terbaru=&harga= 304  - 1.757 ms
[2020-12-22T10:54:39.595Z] info GET /search/?nama=ASC&kategori=&terbaru=&harga= 304  - 4.108 ms
[2020-12-22T10:54:40.856Z] info GET /search/?nama=ASC&kategori=&terbaru=&harga= 304  - 2.527 ms
[2020-12-22T10:54:41.366Z] info GET /search/?nama=&kategori=&terbaru=&harga= 304  - 2.557 ms
[2020-12-22T10:54:42.379Z] info GET /search/?nama=&kategori=&terbaru=&harga= 304  - 2.200 ms
[2020-12-22T10:54:42.917Z] info GET /search/?nama=&kategori=&terbaru=&harga=DESC 304  - 2.864 ms
[2020-12-22T10:54:44.458Z] info GET /search/?nama=&kategori=&terbaru=&harga=DESC 304  - 1.833 ms
[2020-12-22T10:54:46.250Z] info GET /search/?nama=&kategori=&terbaru=&harga= 304  - 3.345 ms
[2020-12-22T10:54:47.571Z] info GET /search/?nama=&kategori=&terbaru=&harga= 304  - 2.348 ms
[2020-12-22T10:54:48.463Z] info GET /search/?nama=&kategori=ASC&terbaru=&harga= 304  - 3.583 ms
[2020-12-22T10:54:49.087Z] info GET /search/?nama=&kategori=ASC&terbaru=&harga= 304  - 1.536 ms
[2020-12-22T10:54:49.698Z] info GET /search/?nama=&kategori=DESC&terbaru=&harga= 304  - 2.619 ms
[2020-12-22T10:54:50.251Z] info GET /search/?nama=&kategori=DESC&terbaru=&harga= 304  - 2.016 ms
[2020-12-22T10:54:50.818Z] info GET /search/?nama=&kategori=&terbaru=&harga= 304  - 2.851 ms
[2020-12-22T10:54:51.563Z] info GET /search/?nama=&kategori=&terbaru=&harga= 304  - 1.786 ms
[2020-12-22T10:54:52.317Z] info GET /search/?nama=&kategori=&terbaru=DESC&harga= 304  - 3.124 ms
[2020-12-22T10:54:53.092Z] info GET /search/?nama=&kategori=&terbaru=DESC&harga= 304  - 1.636 ms
[2020-12-22T10:54:53.589Z] info GET /search/?nama=&kategori=&terbaru=&harga= 304  - 3.105 ms
[2020-12-22T10:54:54.982Z] info GET /search/?nama=&kategori=&terbaru=&harga= 304  - 1.766 ms
[2020-12-22T10:55:04.053Z] info GET /search/ 304  - 1.317 ms
[2020-12-22T10:55:05.034Z] info GET /search/?nama=&kategori=&terbaru=&harga= 304  - 1.570 ms
[2020-12-22T10:55:08.071Z] info GET /search/?nama=&kategori=&terbaru=&harga= 304  - 2.534 ms
[2020-12-22T10:55:08.676Z] info GET /search/?nama=&kategori=&terbaru=DESC&harga= 304  - 2.958 ms
[2020-12-22T10:58:41.603Z] info GET /category 304  - 139.224 ms
[2020-12-22T10:58:41.607Z] info GET /product 304  - 142.514 ms
[2020-12-22T11:00:04.748Z] info GET /category 304  - 239.960 ms
[2020-12-22T11:00:04.754Z] info GET /product 304  - 244.432 ms
[2020-12-22T11:02:53.278Z] info GET /history 304  - 98.404 ms
[2020-12-22T11:04:00.847Z] info GET /history 304  - 185.364 ms
[2020-12-22T11:04:19.326Z] info GET /search/?nama=&kategori=&terbaru=&harga= 304  - 162.242 ms
[2020-12-22T11:04:19.330Z] info GET /search/ 304  - 163.688 ms
[2020-12-22T11:04:23.264Z] info GET /search/?nama=&kategori=&terbaru=&harga= 304  - 1.819 ms
[2020-12-22T11:04:24.884Z] info GET /search/?nama=&kategori=&terbaru=&harga= 304  - 2.260 ms
[2020-12-22T11:04:25.526Z] info GET /search/?nama=&kategori=&terbaru=&harga=DESC 304  - 3.886 ms
[2020-12-22T11:04:31.564Z] info GET /search/?nama=&kategori=&terbaru=&harga= 304  - 2.342 ms
[2020-12-22T11:05:01.924Z] info GET /search/?nama=&kategori=&terbaru=&harga= 304  - 180.152 ms
[2020-12-22T11:05:01.928Z] info GET /search/ 304  - 180.476 ms
[2020-12-23T13:06:02.003Z] info Server running on port 4000
[2020-12-23T13:06:02.026Z] info Redis Connected
[2020-12-23T13:06:02.160Z] info Database Connected
